2023-05-17 13:34:49,634:WARNING:
'cuml' is a soft dependency and not included in the pycaret installation. Please run: `pip install cuml` to install.
2023-05-17 13:34:49,634:WARNING:
'cuml' is a soft dependency and not included in the pycaret installation. Please run: `pip install cuml` to install.
2023-05-17 13:34:49,634:WARNING:
'cuml' is a soft dependency and not included in the pycaret installation. Please run: `pip install cuml` to install.
2023-05-17 13:34:49,634:WARNING:
'cuml' is a soft dependency and not included in the pycaret installation. Please run: `pip install cuml` to install.
2023-05-17 13:34:52,501:WARNING:
'prophet' is a soft dependency and not included in the pycaret installation. Please run: `pip install prophet` to install.
2023-05-17 13:35:15,984:INFO:PyCaret RegressionExperiment
2023-05-17 13:35:15,984:INFO:Logging name: reg-default-name
2023-05-17 13:35:15,984:INFO:ML Usecase: MLUsecase.REGRESSION
2023-05-17 13:35:15,984:INFO:version 3.0.1
2023-05-17 13:35:15,984:INFO:Initializing setup()
2023-05-17 13:35:15,984:INFO:self.USI: 7f47
2023-05-17 13:35:15,984:INFO:self._variable_keys: {'USI', 'fold_groups_param', 'X', 'seed', 'data', 'exp_id', 'logging_param', 'target_param', '_ml_usecase', 'log_plots_param', 'html_param', 'fold_generator', 'memory', 'y_test', 'n_jobs_param', 'exp_name_log', 'transform_target_param', 'pipeline', 'X_train', 'y', 'y_train', 'idx', 'gpu_param', 'gpu_n_jobs_param', '_available_plots', 'fold_shuffle_param', 'X_test'}
2023-05-17 13:35:15,984:INFO:Checking environment
2023-05-17 13:35:15,984:INFO:python_version: 3.9.13
2023-05-17 13:35:15,984:INFO:python_build: ('main', 'Aug 25 2022 23:51:50')
2023-05-17 13:35:15,984:INFO:machine: AMD64
2023-05-17 13:35:15,984:INFO:platform: Windows-10-10.0.22621-SP0
2023-05-17 13:35:15,984:INFO:Memory: svmem(total=8396877824, available=1437782016, percent=82.9, used=6959095808, free=1437782016)
2023-05-17 13:35:15,984:INFO:Physical Core: 4
2023-05-17 13:35:15,984:INFO:Logical Core: 8
2023-05-17 13:35:15,984:INFO:Checking libraries
2023-05-17 13:35:15,984:INFO:System:
2023-05-17 13:35:15,984:INFO:    python: 3.9.13 (main, Aug 25 2022, 23:51:50) [MSC v.1916 64 bit (AMD64)]
2023-05-17 13:35:15,984:INFO:executable: C:\Users\udaya\anaconda3\python.exe
2023-05-17 13:35:15,984:INFO:   machine: Windows-10-10.0.22621-SP0
2023-05-17 13:35:15,984:INFO:PyCaret required dependencies:
2023-05-17 13:35:15,984:INFO:                 pip: 23.1.2
2023-05-17 13:35:15,984:INFO:          setuptools: 63.4.1
2023-05-17 13:35:15,984:INFO:             pycaret: 3.0.1
2023-05-17 13:35:15,992:INFO:             IPython: 7.31.1
2023-05-17 13:35:15,992:INFO:          ipywidgets: 7.6.5
2023-05-17 13:35:15,992:INFO:                tqdm: 4.64.1
2023-05-17 13:35:15,992:INFO:               numpy: 1.21.5
2023-05-17 13:35:15,992:INFO:              pandas: 1.4.4
2023-05-17 13:35:15,992:INFO:              jinja2: 3.1.2
2023-05-17 13:35:15,992:INFO:               scipy: 1.9.3
2023-05-17 13:35:15,992:INFO:              joblib: 1.2.0
2023-05-17 13:35:15,992:INFO:             sklearn: 1.2.2
2023-05-17 13:35:15,992:INFO:                pyod: 1.0.9
2023-05-17 13:35:15,992:INFO:            imblearn: 0.10.1
2023-05-17 13:35:15,992:INFO:   category_encoders: 2.6.0
2023-05-17 13:35:15,992:INFO:            lightgbm: 3.3.5
2023-05-17 13:35:15,992:INFO:               numba: 0.55.1
2023-05-17 13:35:15,992:INFO:            requests: 2.28.1
2023-05-17 13:35:15,992:INFO:          matplotlib: 3.5.2
2023-05-17 13:35:15,992:INFO:          scikitplot: 0.3.7
2023-05-17 13:35:15,992:INFO:         yellowbrick: 1.5
2023-05-17 13:35:15,992:INFO:              plotly: 5.14.1
2023-05-17 13:35:15,992:INFO:             kaleido: 0.2.1
2023-05-17 13:35:15,992:INFO:         statsmodels: 0.13.5
2023-05-17 13:35:15,992:INFO:              sktime: 0.17.0
2023-05-17 13:35:15,992:INFO:               tbats: 1.1.3
2023-05-17 13:35:15,992:INFO:            pmdarima: 2.0.3
2023-05-17 13:35:15,992:INFO:              psutil: 5.9.0
2023-05-17 13:35:15,992:INFO:PyCaret optional dependencies:
2023-05-17 13:35:16,022:INFO:                shap: 0.41.0
2023-05-17 13:35:16,022:INFO:           interpret: 0.4.0
2023-05-17 13:35:16,022:INFO:                umap: 0.5.3
2023-05-17 13:35:16,022:INFO:    pandas_profiling: 4.1.2
2023-05-17 13:35:16,023:INFO:  explainerdashboard: 0.4.2.2
2023-05-17 13:35:16,023:INFO:             autoviz: 0.1.603
2023-05-17 13:35:16,023:INFO:           fairlearn: 0.7.0
2023-05-17 13:35:16,023:INFO:             xgboost: 1.7.5
2023-05-17 13:35:16,023:INFO:            catboost: Not installed
2023-05-17 13:35:16,023:INFO:              kmodes: Not installed
2023-05-17 13:35:16,023:INFO:             mlxtend: Not installed
2023-05-17 13:35:16,023:INFO:       statsforecast: Not installed
2023-05-17 13:35:16,023:INFO:        tune_sklearn: Not installed
2023-05-17 13:35:16,023:INFO:                 ray: Not installed
2023-05-17 13:35:16,024:INFO:            hyperopt: Not installed
2023-05-17 13:35:16,024:INFO:              optuna: Not installed
2023-05-17 13:35:16,024:INFO:               skopt: Not installed
2023-05-17 13:35:16,024:INFO:              mlflow: Not installed
2023-05-17 13:35:16,024:INFO:              gradio: Not installed
2023-05-17 13:35:16,024:INFO:             fastapi: Not installed
2023-05-17 13:35:16,024:INFO:             uvicorn: Not installed
2023-05-17 13:35:16,024:INFO:              m2cgen: Not installed
2023-05-17 13:35:16,024:INFO:           evidently: Not installed
2023-05-17 13:35:16,024:INFO:               fugue: Not installed
2023-05-17 13:35:16,025:INFO:           streamlit: Not installed
2023-05-17 13:35:16,025:INFO:             prophet: Not installed
2023-05-17 13:35:16,025:INFO:None
2023-05-17 13:35:16,025:INFO:Set up data.
2023-05-17 13:35:16,118:INFO:Set up train/test split.
2023-05-17 13:35:16,166:INFO:Set up index.
2023-05-17 13:35:16,167:INFO:Set up folding strategy.
2023-05-17 13:35:16,167:INFO:Assigning column types.
2023-05-17 13:35:16,180:INFO:Engine successfully changes for model 'lr' to 'sklearn'.
2023-05-17 13:35:16,180:INFO:Engine for model 'lasso' has not been set explicitly, hence returning None.
2023-05-17 13:35:16,190:INFO:Engine for model 'ridge' has not been set explicitly, hence returning None.
2023-05-17 13:35:16,201:INFO:Engine for model 'en' has not been set explicitly, hence returning None.
2023-05-17 13:35:16,351:INFO:Engine for model 'svm' has not been set explicitly, hence returning None.
2023-05-17 13:35:16,464:INFO:Engine for model 'knn' has not been set explicitly, hence returning None.
2023-05-17 13:35:16,464:INFO:Soft dependency imported: xgboost: 1.7.5
2023-05-17 13:35:16,721:WARNING:
'catboost' is a soft dependency and not included in the pycaret installation. Please run: `pip install catboost` to install.
Alternately, you can install this by running `pip install pycaret[models]`
2023-05-17 13:35:16,721:INFO:Engine for model 'lasso' has not been set explicitly, hence returning None.
2023-05-17 13:35:16,729:INFO:Engine for model 'ridge' has not been set explicitly, hence returning None.
2023-05-17 13:35:16,745:INFO:Engine for model 'en' has not been set explicitly, hence returning None.
2023-05-17 13:35:16,913:INFO:Engine for model 'svm' has not been set explicitly, hence returning None.
2023-05-17 13:35:17,010:INFO:Engine for model 'knn' has not been set explicitly, hence returning None.
2023-05-17 13:35:17,010:INFO:Soft dependency imported: xgboost: 1.7.5
2023-05-17 13:35:17,029:WARNING:
'catboost' is a soft dependency and not included in the pycaret installation. Please run: `pip install catboost` to install.
Alternately, you can install this by running `pip install pycaret[models]`
2023-05-17 13:35:17,029:INFO:Engine successfully changes for model 'lasso' to 'sklearn'.
2023-05-17 13:35:17,041:INFO:Engine for model 'ridge' has not been set explicitly, hence returning None.
2023-05-17 13:35:17,041:INFO:Engine for model 'en' has not been set explicitly, hence returning None.
2023-05-17 13:35:17,198:INFO:Engine for model 'svm' has not been set explicitly, hence returning None.
2023-05-17 13:35:17,292:INFO:Engine for model 'knn' has not been set explicitly, hence returning None.
2023-05-17 13:35:17,292:INFO:Soft dependency imported: xgboost: 1.7.5
2023-05-17 13:35:17,292:WARNING:
'catboost' is a soft dependency and not included in the pycaret installation. Please run: `pip install catboost` to install.
Alternately, you can install this by running `pip install pycaret[models]`
2023-05-17 13:35:17,308:INFO:Engine for model 'ridge' has not been set explicitly, hence returning None.
2023-05-17 13:35:17,324:INFO:Engine for model 'en' has not been set explicitly, hence returning None.
2023-05-17 13:35:17,449:INFO:Engine for model 'svm' has not been set explicitly, hence returning None.
2023-05-17 13:35:17,559:INFO:Engine for model 'knn' has not been set explicitly, hence returning None.
2023-05-17 13:35:17,559:INFO:Soft dependency imported: xgboost: 1.7.5
2023-05-17 13:35:17,559:WARNING:
'catboost' is a soft dependency and not included in the pycaret installation. Please run: `pip install catboost` to install.
Alternately, you can install this by running `pip install pycaret[models]`
2023-05-17 13:35:17,559:INFO:Engine successfully changes for model 'ridge' to 'sklearn'.
2023-05-17 13:35:17,590:INFO:Engine for model 'en' has not been set explicitly, hence returning None.
2023-05-17 13:35:17,732:INFO:Engine for model 'svm' has not been set explicitly, hence returning None.
2023-05-17 13:35:17,831:INFO:Engine for model 'knn' has not been set explicitly, hence returning None.
2023-05-17 13:35:17,831:INFO:Soft dependency imported: xgboost: 1.7.5
2023-05-17 13:35:17,831:WARNING:
'catboost' is a soft dependency and not included in the pycaret installation. Please run: `pip install catboost` to install.
Alternately, you can install this by running `pip install pycaret[models]`
2023-05-17 13:35:17,873:INFO:Engine for model 'en' has not been set explicitly, hence returning None.
2023-05-17 13:35:18,014:INFO:Engine for model 'svm' has not been set explicitly, hence returning None.
2023-05-17 13:35:18,108:INFO:Engine for model 'knn' has not been set explicitly, hence returning None.
2023-05-17 13:35:18,108:INFO:Soft dependency imported: xgboost: 1.7.5
2023-05-17 13:35:18,124:WARNING:
'catboost' is a soft dependency and not included in the pycaret installation. Please run: `pip install catboost` to install.
Alternately, you can install this by running `pip install pycaret[models]`
2023-05-17 13:35:18,124:INFO:Engine successfully changes for model 'en' to 'sklearn'.
2023-05-17 13:35:18,281:INFO:Engine for model 'svm' has not been set explicitly, hence returning None.
2023-05-17 13:35:18,375:INFO:Engine for model 'knn' has not been set explicitly, hence returning None.
2023-05-17 13:35:18,375:INFO:Soft dependency imported: xgboost: 1.7.5
2023-05-17 13:35:18,391:WARNING:
'catboost' is a soft dependency and not included in the pycaret installation. Please run: `pip install catboost` to install.
Alternately, you can install this by running `pip install pycaret[models]`
2023-05-17 13:35:18,548:INFO:Engine for model 'svm' has not been set explicitly, hence returning None.
2023-05-17 13:35:18,642:INFO:Engine for model 'knn' has not been set explicitly, hence returning None.
2023-05-17 13:35:18,642:INFO:Soft dependency imported: xgboost: 1.7.5
2023-05-17 13:35:18,642:WARNING:
'catboost' is a soft dependency and not included in the pycaret installation. Please run: `pip install catboost` to install.
Alternately, you can install this by running `pip install pycaret[models]`
2023-05-17 13:35:18,658:INFO:Engine successfully changes for model 'knn' to 'sklearn'.
2023-05-17 13:35:18,799:INFO:Engine for model 'svm' has not been set explicitly, hence returning None.
2023-05-17 13:35:18,914:INFO:Soft dependency imported: xgboost: 1.7.5
2023-05-17 13:35:18,933:WARNING:
'catboost' is a soft dependency and not included in the pycaret installation. Please run: `pip install catboost` to install.
Alternately, you can install this by running `pip install pycaret[models]`
2023-05-17 13:35:19,102:INFO:Engine for model 'svm' has not been set explicitly, hence returning None.
2023-05-17 13:35:19,196:INFO:Soft dependency imported: xgboost: 1.7.5
2023-05-17 13:35:19,212:WARNING:
'catboost' is a soft dependency and not included in the pycaret installation. Please run: `pip install catboost` to install.
Alternately, you can install this by running `pip install pycaret[models]`
2023-05-17 13:35:19,212:INFO:Engine successfully changes for model 'svm' to 'sklearn'.
2023-05-17 13:35:19,463:INFO:Soft dependency imported: xgboost: 1.7.5
2023-05-17 13:35:19,463:WARNING:
'catboost' is a soft dependency and not included in the pycaret installation. Please run: `pip install catboost` to install.
Alternately, you can install this by running `pip install pycaret[models]`
2023-05-17 13:35:19,792:INFO:Soft dependency imported: xgboost: 1.7.5
2023-05-17 13:35:19,794:WARNING:
'catboost' is a soft dependency and not included in the pycaret installation. Please run: `pip install catboost` to install.
Alternately, you can install this by running `pip install pycaret[models]`
2023-05-17 13:35:19,806:INFO:Preparing preprocessing pipeline...
2023-05-17 13:35:19,806:INFO:Set up simple imputation.
2023-05-17 13:35:19,844:INFO:Set up encoding of ordinal features.
2023-05-17 13:35:19,862:INFO:Set up encoding of categorical features.
2023-05-17 13:35:20,497:INFO:Finished creating preprocessing pipeline.
2023-05-17 13:35:20,687:INFO:Pipeline: Pipeline(memory=FastMemory(location=C:\Users\udaya\AppData\Local\Temp\joblib),
         steps=[('numerical_imputer',
                 TransformerWrapper(include=['Id', 'MSSubClass', 'LotFrontage',
                                             'LotArea', 'OverallQual',
                                             'OverallCond', 'YearBuilt',
                                             'YearRemodAdd', 'MasVnrArea',
                                             'BsmtFinSF1', 'BsmtFinSF2',
                                             'BsmtUnfSF', 'TotalBsmtSF',
                                             '1stFlrSF', '2ndFlrSF',
                                             'LowQualFinSF', 'GrLivArea',
                                             'Bsmt...
                                                                    'Condition2',
                                                                    'BldgType',
                                                                    'HouseStyle',
                                                                    'RoofStyle',
                                                                    'RoofMatl',
                                                                    'Exterior1st',
                                                                    'Exterior2nd',
                                                                    'MasVnrType',
                                                                    'ExterQual',
                                                                    'ExterCond',
                                                                    'Foundation',
                                                                    'BsmtQual',
                                                                    'BsmtCond',
                                                                    'BsmtExposure',
                                                                    'BsmtFinType1',
                                                                    'BsmtFinType2',
                                                                    'Heating',
                                                                    'HeatingQC',
                                                                    'Electrical',
                                                                    'KitchenQual',
                                                                    'Functional',
                                                                    'FireplaceQu',
                                                                    'GarageType', ...],
                                                              handle_missing='return_nan',
                                                              use_cat_names=True)))])
2023-05-17 13:35:20,687:INFO:Creating final display dataframe.
2023-05-17 13:35:21,587:INFO:Setup _display_container:                     Description             Value
0                    Session id               123
1                        Target         SalePrice
2                   Target type        Regression
3           Original data shape        (1460, 81)
4        Transformed data shape       (1460, 280)
5   Transformed train set shape       (1021, 280)
6    Transformed test set shape        (439, 280)
7              Ordinal features                 4
8              Numeric features                37
9          Categorical features                43
10     Rows with missing values            100.0%
11                   Preprocess              True
12              Imputation type            simple
13           Numeric imputation              mean
14       Categorical imputation              mode
15     Maximum one-hot encoding                25
16              Encoding method              None
17               Fold Generator             KFold
18                  Fold Number                10
19                     CPU Jobs                -1
20                      Use GPU             False
21               Log Experiment             False
22              Experiment Name  reg-default-name
23                          USI              7f47
2023-05-17 13:35:21,929:INFO:Soft dependency imported: xgboost: 1.7.5
2023-05-17 13:35:21,929:WARNING:
'catboost' is a soft dependency and not included in the pycaret installation. Please run: `pip install catboost` to install.
Alternately, you can install this by running `pip install pycaret[models]`
2023-05-17 13:35:22,210:INFO:Soft dependency imported: xgboost: 1.7.5
2023-05-17 13:35:22,218:WARNING:
'catboost' is a soft dependency and not included in the pycaret installation. Please run: `pip install catboost` to install.
Alternately, you can install this by running `pip install pycaret[models]`
2023-05-17 13:35:22,218:INFO:setup() successfully completed in 8.19s...............
2023-05-17 13:36:37,812:INFO:Initializing compare_models()
2023-05-17 13:36:37,812:INFO:compare_models(self=<pycaret.regression.oop.RegressionExperiment object at 0x00000211112F0CA0>, include=None, fold=None, round=4, cross_validation=True, sort=R2, n_select=1, budget_time=None, turbo=True, errors=ignore, fit_kwargs=None, groups=None, experiment_custom_tags=None, probability_threshold=None, verbose=True, parallel=None, caller_params={'self': <pycaret.regression.oop.RegressionExperiment object at 0x00000211112F0CA0>, 'include': None, 'exclude': None, 'fold': None, 'round': 4, 'cross_validation': True, 'sort': 'R2', 'n_select': 1, 'budget_time': None, 'turbo': True, 'errors': 'ignore', 'fit_kwargs': None, 'groups': None, 'experiment_custom_tags': None, 'engine': None, 'verbose': True, 'parallel': None, '__class__': <class 'pycaret.regression.oop.RegressionExperiment'>}, exclude=None)
2023-05-17 13:36:37,812:INFO:Checking exceptions
2023-05-17 13:36:37,820:INFO:Preparing display monitor
2023-05-17 13:36:37,930:INFO:Initializing Linear Regression
2023-05-17 13:36:37,930:INFO:Total runtime is 0.0 minutes
2023-05-17 13:36:37,946:INFO:SubProcess create_model() called ==================================
2023-05-17 13:36:37,946:INFO:Initializing create_model()
2023-05-17 13:36:37,946:INFO:create_model(self=<pycaret.regression.oop.RegressionExperiment object at 0x00000211112F0CA0>, estimator=lr, fold=KFold(n_splits=10, random_state=None, shuffle=False), round=4, cross_validation=True, predict=True, fit_kwargs={}, groups=None, refit=False, probability_threshold=None, experiment_custom_tags=None, verbose=False, system=False, add_to_model_list=True, metrics=None, display=<pycaret.internal.display.display.CommonDisplay object at 0x0000021110E1F310>, model_only=True, return_train_score=False, kwargs={})
2023-05-17 13:36:37,946:INFO:Checking exceptions
2023-05-17 13:36:37,946:INFO:Importing libraries
2023-05-17 13:36:37,946:INFO:Copying training dataset
2023-05-17 13:36:37,970:INFO:Defining folds
2023-05-17 13:36:37,970:INFO:Declaring metric variables
2023-05-17 13:36:37,986:INFO:Importing untrained model
2023-05-17 13:36:37,994:INFO:Linear Regression Imported successfully
2023-05-17 13:36:38,022:INFO:Starting cross validation
2023-05-17 13:36:38,064:INFO:Cross validating with KFold(n_splits=10, random_state=None, shuffle=False), n_jobs=-1
2023-05-17 13:37:10,977:INFO:Calculating mean and std
2023-05-17 13:37:10,994:INFO:Creating metrics dataframe
2023-05-17 13:37:12,678:INFO:Uploading results into container
2023-05-17 13:37:12,678:INFO:Uploading model into container now
2023-05-17 13:37:12,678:INFO:_master_model_container: 1
2023-05-17 13:37:12,678:INFO:_display_container: 2
2023-05-17 13:37:12,678:INFO:LinearRegression(n_jobs=-1)
2023-05-17 13:37:12,678:INFO:create_model() successfully completed......................................
2023-05-17 13:37:12,834:INFO:SubProcess create_model() end ==================================
2023-05-17 13:37:12,834:INFO:Creating metrics dataframe
2023-05-17 13:37:12,850:INFO:Initializing Lasso Regression
2023-05-17 13:37:12,850:INFO:Total runtime is 0.5819935401280721 minutes
2023-05-17 13:37:12,870:INFO:SubProcess create_model() called ==================================
2023-05-17 13:37:12,871:INFO:Initializing create_model()
2023-05-17 13:37:12,872:INFO:create_model(self=<pycaret.regression.oop.RegressionExperiment object at 0x00000211112F0CA0>, estimator=lasso, fold=KFold(n_splits=10, random_state=None, shuffle=False), round=4, cross_validation=True, predict=True, fit_kwargs={}, groups=None, refit=False, probability_threshold=None, experiment_custom_tags=None, verbose=False, system=False, add_to_model_list=True, metrics=None, display=<pycaret.internal.display.display.CommonDisplay object at 0x0000021110E1F310>, model_only=True, return_train_score=False, kwargs={})
2023-05-17 13:37:12,872:INFO:Checking exceptions
2023-05-17 13:37:12,872:INFO:Importing libraries
2023-05-17 13:37:12,873:INFO:Copying training dataset
2023-05-17 13:37:12,916:INFO:Defining folds
2023-05-17 13:37:12,916:INFO:Declaring metric variables
2023-05-17 13:37:12,939:INFO:Importing untrained model
2023-05-17 13:37:12,955:INFO:Lasso Regression Imported successfully
2023-05-17 13:37:12,987:INFO:Starting cross validation
2023-05-17 13:37:13,012:INFO:Cross validating with KFold(n_splits=10, random_state=None, shuffle=False), n_jobs=-1
2023-05-17 13:37:25,680:INFO:Calculating mean and std
2023-05-17 13:37:25,684:INFO:Creating metrics dataframe
2023-05-17 13:37:26,969:INFO:Uploading results into container
2023-05-17 13:37:26,970:INFO:Uploading model into container now
2023-05-17 13:37:26,971:INFO:_master_model_container: 2
2023-05-17 13:37:26,972:INFO:_display_container: 2
2023-05-17 13:37:26,973:INFO:Lasso(random_state=123)
2023-05-17 13:37:26,973:INFO:create_model() successfully completed......................................
2023-05-17 13:37:27,122:INFO:SubProcess create_model() end ==================================
2023-05-17 13:37:27,122:INFO:Creating metrics dataframe
2023-05-17 13:37:27,148:INFO:Initializing Ridge Regression
2023-05-17 13:37:27,149:INFO:Total runtime is 0.8203128814697266 minutes
2023-05-17 13:37:27,160:INFO:SubProcess create_model() called ==================================
2023-05-17 13:37:27,162:INFO:Initializing create_model()
2023-05-17 13:37:27,162:INFO:create_model(self=<pycaret.regression.oop.RegressionExperiment object at 0x00000211112F0CA0>, estimator=ridge, fold=KFold(n_splits=10, random_state=None, shuffle=False), round=4, cross_validation=True, predict=True, fit_kwargs={}, groups=None, refit=False, probability_threshold=None, experiment_custom_tags=None, verbose=False, system=False, add_to_model_list=True, metrics=None, display=<pycaret.internal.display.display.CommonDisplay object at 0x0000021110E1F310>, model_only=True, return_train_score=False, kwargs={})
2023-05-17 13:37:27,162:INFO:Checking exceptions
2023-05-17 13:37:27,163:INFO:Importing libraries
2023-05-17 13:37:27,163:INFO:Copying training dataset
2023-05-17 13:37:27,209:INFO:Defining folds
2023-05-17 13:37:27,210:INFO:Declaring metric variables
2023-05-17 13:37:27,224:INFO:Importing untrained model
2023-05-17 13:37:27,237:INFO:Ridge Regression Imported successfully
2023-05-17 13:37:27,268:INFO:Starting cross validation
2023-05-17 13:37:27,288:INFO:Cross validating with KFold(n_splits=10, random_state=None, shuffle=False), n_jobs=-1
2023-05-17 13:37:38,885:INFO:Calculating mean and std
2023-05-17 13:37:38,889:INFO:Creating metrics dataframe
2023-05-17 13:37:40,208:INFO:Uploading results into container
2023-05-17 13:37:40,210:INFO:Uploading model into container now
2023-05-17 13:37:40,211:INFO:_master_model_container: 3
2023-05-17 13:37:40,211:INFO:_display_container: 2
2023-05-17 13:37:40,212:INFO:Ridge(random_state=123)
2023-05-17 13:37:40,213:INFO:create_model() successfully completed......................................
2023-05-17 13:37:40,347:INFO:SubProcess create_model() end ==================================
2023-05-17 13:37:40,347:INFO:Creating metrics dataframe
2023-05-17 13:37:40,370:INFO:Initializing Elastic Net
2023-05-17 13:37:40,370:INFO:Total runtime is 1.040665904680888 minutes
2023-05-17 13:37:40,382:INFO:SubProcess create_model() called ==================================
2023-05-17 13:37:40,383:INFO:Initializing create_model()
2023-05-17 13:37:40,383:INFO:create_model(self=<pycaret.regression.oop.RegressionExperiment object at 0x00000211112F0CA0>, estimator=en, fold=KFold(n_splits=10, random_state=None, shuffle=False), round=4, cross_validation=True, predict=True, fit_kwargs={}, groups=None, refit=False, probability_threshold=None, experiment_custom_tags=None, verbose=False, system=False, add_to_model_list=True, metrics=None, display=<pycaret.internal.display.display.CommonDisplay object at 0x0000021110E1F310>, model_only=True, return_train_score=False, kwargs={})
2023-05-17 13:37:40,384:INFO:Checking exceptions
2023-05-17 13:37:40,384:INFO:Importing libraries
2023-05-17 13:37:40,385:INFO:Copying training dataset
2023-05-17 13:37:40,421:INFO:Defining folds
2023-05-17 13:37:40,421:INFO:Declaring metric variables
2023-05-17 13:37:40,435:INFO:Importing untrained model
2023-05-17 13:37:40,446:INFO:Elastic Net Imported successfully
2023-05-17 13:37:40,463:INFO:Starting cross validation
2023-05-17 13:37:40,494:INFO:Cross validating with KFold(n_splits=10, random_state=None, shuffle=False), n_jobs=-1
2023-05-17 13:37:52,451:INFO:Calculating mean and std
2023-05-17 13:37:52,451:INFO:Creating metrics dataframe
2023-05-17 13:37:53,967:INFO:Uploading results into container
2023-05-17 13:37:53,967:INFO:Uploading model into container now
2023-05-17 13:37:53,967:INFO:_master_model_container: 4
2023-05-17 13:37:53,967:INFO:_display_container: 2
2023-05-17 13:37:53,967:INFO:ElasticNet(random_state=123)
2023-05-17 13:37:53,967:INFO:create_model() successfully completed......................................
2023-05-17 13:37:54,143:INFO:SubProcess create_model() end ==================================
2023-05-17 13:37:54,143:INFO:Creating metrics dataframe
2023-05-17 13:37:54,187:INFO:Initializing Least Angle Regression
2023-05-17 13:37:54,187:INFO:Total runtime is 1.2709440827369691 minutes
2023-05-17 13:37:54,202:INFO:SubProcess create_model() called ==================================
2023-05-17 13:37:54,202:INFO:Initializing create_model()
2023-05-17 13:37:54,202:INFO:create_model(self=<pycaret.regression.oop.RegressionExperiment object at 0x00000211112F0CA0>, estimator=lar, fold=KFold(n_splits=10, random_state=None, shuffle=False), round=4, cross_validation=True, predict=True, fit_kwargs={}, groups=None, refit=False, probability_threshold=None, experiment_custom_tags=None, verbose=False, system=False, add_to_model_list=True, metrics=None, display=<pycaret.internal.display.display.CommonDisplay object at 0x0000021110E1F310>, model_only=True, return_train_score=False, kwargs={})
2023-05-17 13:37:54,202:INFO:Checking exceptions
2023-05-17 13:37:54,202:INFO:Importing libraries
2023-05-17 13:37:54,202:INFO:Copying training dataset
2023-05-17 13:37:54,265:INFO:Defining folds
2023-05-17 13:37:54,265:INFO:Declaring metric variables
2023-05-17 13:37:54,291:INFO:Importing untrained model
2023-05-17 13:37:54,313:INFO:Least Angle Regression Imported successfully
2023-05-17 13:37:54,344:INFO:Starting cross validation
2023-05-17 13:37:54,360:INFO:Cross validating with KFold(n_splits=10, random_state=None, shuffle=False), n_jobs=-1
2023-05-17 13:38:06,332:INFO:Calculating mean and std
2023-05-17 13:38:06,335:WARNING:C:\Users\udaya\anaconda3\lib\site-packages\numpy\core\_methods.py:233: RuntimeWarning: overflow encountered in multiply
  x = um.multiply(x, x, out=x)

2023-05-17 13:38:06,339:INFO:Creating metrics dataframe
2023-05-17 13:38:07,911:INFO:Uploading results into container
2023-05-17 13:38:07,911:INFO:Uploading model into container now
2023-05-17 13:38:07,911:INFO:_master_model_container: 5
2023-05-17 13:38:07,911:INFO:_display_container: 2
2023-05-17 13:38:07,911:INFO:Lars(random_state=123)
2023-05-17 13:38:07,911:INFO:create_model() successfully completed......................................
2023-05-17 13:38:08,070:INFO:SubProcess create_model() end ==================================
2023-05-17 13:38:08,070:INFO:Creating metrics dataframe
2023-05-17 13:38:08,103:INFO:Initializing Lasso Least Angle Regression
2023-05-17 13:38:08,103:INFO:Total runtime is 1.5028828024864198 minutes
2023-05-17 13:38:08,113:INFO:SubProcess create_model() called ==================================
2023-05-17 13:38:08,115:INFO:Initializing create_model()
2023-05-17 13:38:08,115:INFO:create_model(self=<pycaret.regression.oop.RegressionExperiment object at 0x00000211112F0CA0>, estimator=llar, fold=KFold(n_splits=10, random_state=None, shuffle=False), round=4, cross_validation=True, predict=True, fit_kwargs={}, groups=None, refit=False, probability_threshold=None, experiment_custom_tags=None, verbose=False, system=False, add_to_model_list=True, metrics=None, display=<pycaret.internal.display.display.CommonDisplay object at 0x0000021110E1F310>, model_only=True, return_train_score=False, kwargs={})
2023-05-17 13:38:08,116:INFO:Checking exceptions
2023-05-17 13:38:08,116:INFO:Importing libraries
2023-05-17 13:38:08,116:INFO:Copying training dataset
2023-05-17 13:38:08,164:INFO:Defining folds
2023-05-17 13:38:08,166:INFO:Declaring metric variables
2023-05-17 13:38:08,184:INFO:Importing untrained model
2023-05-17 13:38:08,202:INFO:Lasso Least Angle Regression Imported successfully
2023-05-17 13:38:08,235:INFO:Starting cross validation
2023-05-17 13:38:08,261:INFO:Cross validating with KFold(n_splits=10, random_state=None, shuffle=False), n_jobs=-1
2023-05-17 13:38:10,509:WARNING:C:\Users\udaya\anaconda3\lib\site-packages\sklearn\linear_model\_least_angle.py:678: ConvergenceWarning: Early stopping the lars path, as the residues are small and the current value of alpha is no longer well controlled. 24 iterations, alpha=3.650e+04, previous alpha=1.317e+04, with an active set of 23 regressors.
  warnings.warn(

2023-05-17 13:38:13,705:WARNING:C:\Users\udaya\anaconda3\lib\site-packages\sklearn\linear_model\_least_angle.py:678: ConvergenceWarning: Early stopping the lars path, as the residues are small and the current value of alpha is no longer well controlled. 32 iterations, alpha=4.624e+03, previous alpha=2.444e+03, with an active set of 27 regressors.
  warnings.warn(

2023-05-17 13:38:20,458:INFO:Calculating mean and std
2023-05-17 13:38:20,460:INFO:Creating metrics dataframe
2023-05-17 13:38:21,710:INFO:Uploading results into container
2023-05-17 13:38:21,710:INFO:Uploading model into container now
2023-05-17 13:38:21,710:INFO:_master_model_container: 6
2023-05-17 13:38:21,710:INFO:_display_container: 2
2023-05-17 13:38:21,710:INFO:LassoLars(random_state=123)
2023-05-17 13:38:21,710:INFO:create_model() successfully completed......................................
2023-05-17 13:38:21,844:INFO:SubProcess create_model() end ==================================
2023-05-17 13:38:21,845:INFO:Creating metrics dataframe
2023-05-17 13:38:21,865:INFO:Initializing Orthogonal Matching Pursuit
2023-05-17 13:38:21,865:INFO:Total runtime is 1.732247559229533 minutes
2023-05-17 13:38:21,885:INFO:SubProcess create_model() called ==================================
2023-05-17 13:38:21,885:INFO:Initializing create_model()
2023-05-17 13:38:21,885:INFO:create_model(self=<pycaret.regression.oop.RegressionExperiment object at 0x00000211112F0CA0>, estimator=omp, fold=KFold(n_splits=10, random_state=None, shuffle=False), round=4, cross_validation=True, predict=True, fit_kwargs={}, groups=None, refit=False, probability_threshold=None, experiment_custom_tags=None, verbose=False, system=False, add_to_model_list=True, metrics=None, display=<pycaret.internal.display.display.CommonDisplay object at 0x0000021110E1F310>, model_only=True, return_train_score=False, kwargs={})
2023-05-17 13:38:21,886:INFO:Checking exceptions
2023-05-17 13:38:21,886:INFO:Importing libraries
2023-05-17 13:38:21,887:INFO:Copying training dataset
2023-05-17 13:38:21,943:INFO:Defining folds
2023-05-17 13:38:21,944:INFO:Declaring metric variables
2023-05-17 13:38:21,959:INFO:Importing untrained model
2023-05-17 13:38:21,971:INFO:Orthogonal Matching Pursuit Imported successfully
2023-05-17 13:38:21,993:INFO:Starting cross validation
2023-05-17 13:38:22,006:INFO:Cross validating with KFold(n_splits=10, random_state=None, shuffle=False), n_jobs=-1
2023-05-17 13:38:33,453:INFO:Calculating mean and std
2023-05-17 13:38:33,453:INFO:Creating metrics dataframe
2023-05-17 13:38:34,716:INFO:Uploading results into container
2023-05-17 13:38:34,717:INFO:Uploading model into container now
2023-05-17 13:38:34,718:INFO:_master_model_container: 7
2023-05-17 13:38:34,719:INFO:_display_container: 2
2023-05-17 13:38:34,720:INFO:OrthogonalMatchingPursuit()
2023-05-17 13:38:34,720:INFO:create_model() successfully completed......................................
2023-05-17 13:38:34,838:INFO:SubProcess create_model() end ==================================
2023-05-17 13:38:34,838:INFO:Creating metrics dataframe
2023-05-17 13:38:34,870:INFO:Initializing Bayesian Ridge
2023-05-17 13:38:34,870:INFO:Total runtime is 1.9489894549051923 minutes
2023-05-17 13:38:34,887:INFO:SubProcess create_model() called ==================================
2023-05-17 13:38:34,888:INFO:Initializing create_model()
2023-05-17 13:38:34,889:INFO:create_model(self=<pycaret.regression.oop.RegressionExperiment object at 0x00000211112F0CA0>, estimator=br, fold=KFold(n_splits=10, random_state=None, shuffle=False), round=4, cross_validation=True, predict=True, fit_kwargs={}, groups=None, refit=False, probability_threshold=None, experiment_custom_tags=None, verbose=False, system=False, add_to_model_list=True, metrics=None, display=<pycaret.internal.display.display.CommonDisplay object at 0x0000021110E1F310>, model_only=True, return_train_score=False, kwargs={})
2023-05-17 13:38:34,889:INFO:Checking exceptions
2023-05-17 13:38:34,889:INFO:Importing libraries
2023-05-17 13:38:34,889:INFO:Copying training dataset
2023-05-17 13:38:34,924:INFO:Defining folds
2023-05-17 13:38:34,924:INFO:Declaring metric variables
2023-05-17 13:38:34,940:INFO:Importing untrained model
2023-05-17 13:38:34,954:INFO:Bayesian Ridge Imported successfully
2023-05-17 13:38:34,974:INFO:Starting cross validation
2023-05-17 13:38:34,989:INFO:Cross validating with KFold(n_splits=10, random_state=None, shuffle=False), n_jobs=-1
2023-05-17 13:38:46,696:INFO:Calculating mean and std
2023-05-17 13:38:46,700:INFO:Creating metrics dataframe
2023-05-17 13:38:48,015:INFO:Uploading results into container
2023-05-17 13:38:48,015:INFO:Uploading model into container now
2023-05-17 13:38:48,015:INFO:_master_model_container: 8
2023-05-17 13:38:48,015:INFO:_display_container: 2
2023-05-17 13:38:48,024:INFO:BayesianRidge()
2023-05-17 13:38:48,024:INFO:create_model() successfully completed......................................
2023-05-17 13:38:48,164:INFO:SubProcess create_model() end ==================================
2023-05-17 13:38:48,164:INFO:Creating metrics dataframe
2023-05-17 13:38:48,194:INFO:Initializing Passive Aggressive Regressor
2023-05-17 13:38:48,195:INFO:Total runtime is 2.171075677871704 minutes
2023-05-17 13:38:48,205:INFO:SubProcess create_model() called ==================================
2023-05-17 13:38:48,206:INFO:Initializing create_model()
2023-05-17 13:38:48,206:INFO:create_model(self=<pycaret.regression.oop.RegressionExperiment object at 0x00000211112F0CA0>, estimator=par, fold=KFold(n_splits=10, random_state=None, shuffle=False), round=4, cross_validation=True, predict=True, fit_kwargs={}, groups=None, refit=False, probability_threshold=None, experiment_custom_tags=None, verbose=False, system=False, add_to_model_list=True, metrics=None, display=<pycaret.internal.display.display.CommonDisplay object at 0x0000021110E1F310>, model_only=True, return_train_score=False, kwargs={})
2023-05-17 13:38:48,206:INFO:Checking exceptions
2023-05-17 13:38:48,207:INFO:Importing libraries
2023-05-17 13:38:48,207:INFO:Copying training dataset
2023-05-17 13:38:48,238:INFO:Defining folds
2023-05-17 13:38:48,239:INFO:Declaring metric variables
2023-05-17 13:38:48,253:INFO:Importing untrained model
2023-05-17 13:38:48,273:INFO:Passive Aggressive Regressor Imported successfully
2023-05-17 13:38:48,301:INFO:Starting cross validation
2023-05-17 13:38:48,318:INFO:Cross validating with KFold(n_splits=10, random_state=None, shuffle=False), n_jobs=-1
2023-05-17 13:38:59,713:INFO:Calculating mean and std
2023-05-17 13:38:59,713:INFO:Creating metrics dataframe
2023-05-17 13:39:00,950:INFO:Uploading results into container
2023-05-17 13:39:00,950:INFO:Uploading model into container now
2023-05-17 13:39:00,950:INFO:_master_model_container: 9
2023-05-17 13:39:00,950:INFO:_display_container: 2
2023-05-17 13:39:00,950:INFO:PassiveAggressiveRegressor(random_state=123)
2023-05-17 13:39:00,964:INFO:create_model() successfully completed......................................
2023-05-17 13:39:01,109:INFO:SubProcess create_model() end ==================================
2023-05-17 13:39:01,109:INFO:Creating metrics dataframe
2023-05-17 13:39:01,133:INFO:Initializing Huber Regressor
2023-05-17 13:39:01,133:INFO:Total runtime is 2.386719640096029 minutes
2023-05-17 13:39:01,151:INFO:SubProcess create_model() called ==================================
2023-05-17 13:39:01,152:INFO:Initializing create_model()
2023-05-17 13:39:01,152:INFO:create_model(self=<pycaret.regression.oop.RegressionExperiment object at 0x00000211112F0CA0>, estimator=huber, fold=KFold(n_splits=10, random_state=None, shuffle=False), round=4, cross_validation=True, predict=True, fit_kwargs={}, groups=None, refit=False, probability_threshold=None, experiment_custom_tags=None, verbose=False, system=False, add_to_model_list=True, metrics=None, display=<pycaret.internal.display.display.CommonDisplay object at 0x0000021110E1F310>, model_only=True, return_train_score=False, kwargs={})
2023-05-17 13:39:01,153:INFO:Checking exceptions
2023-05-17 13:39:01,153:INFO:Importing libraries
2023-05-17 13:39:01,153:INFO:Copying training dataset
2023-05-17 13:39:01,180:INFO:Defining folds
2023-05-17 13:39:01,180:INFO:Declaring metric variables
2023-05-17 13:39:01,201:INFO:Importing untrained model
2023-05-17 13:39:01,214:INFO:Huber Regressor Imported successfully
2023-05-17 13:39:01,239:INFO:Starting cross validation
2023-05-17 13:39:01,251:INFO:Cross validating with KFold(n_splits=10, random_state=None, shuffle=False), n_jobs=-1
2023-05-17 13:39:11,937:INFO:Calculating mean and std
2023-05-17 13:39:11,937:INFO:Creating metrics dataframe
2023-05-17 13:39:13,371:INFO:Uploading results into container
2023-05-17 13:39:13,373:INFO:Uploading model into container now
2023-05-17 13:39:13,374:INFO:_master_model_container: 10
2023-05-17 13:39:13,375:INFO:_display_container: 2
2023-05-17 13:39:13,376:INFO:HuberRegressor()
2023-05-17 13:39:13,376:INFO:create_model() successfully completed......................................
2023-05-17 13:39:13,520:INFO:SubProcess create_model() end ==================================
2023-05-17 13:39:13,522:INFO:Creating metrics dataframe
2023-05-17 13:39:13,553:INFO:Initializing K Neighbors Regressor
2023-05-17 13:39:13,553:INFO:Total runtime is 2.593716605504354 minutes
2023-05-17 13:39:13,565:INFO:SubProcess create_model() called ==================================
2023-05-17 13:39:13,567:INFO:Initializing create_model()
2023-05-17 13:39:13,567:INFO:create_model(self=<pycaret.regression.oop.RegressionExperiment object at 0x00000211112F0CA0>, estimator=knn, fold=KFold(n_splits=10, random_state=None, shuffle=False), round=4, cross_validation=True, predict=True, fit_kwargs={}, groups=None, refit=False, probability_threshold=None, experiment_custom_tags=None, verbose=False, system=False, add_to_model_list=True, metrics=None, display=<pycaret.internal.display.display.CommonDisplay object at 0x0000021110E1F310>, model_only=True, return_train_score=False, kwargs={})
2023-05-17 13:39:13,567:INFO:Checking exceptions
2023-05-17 13:39:13,568:INFO:Importing libraries
2023-05-17 13:39:13,568:INFO:Copying training dataset
2023-05-17 13:39:13,612:INFO:Defining folds
2023-05-17 13:39:13,612:INFO:Declaring metric variables
2023-05-17 13:39:13,626:INFO:Importing untrained model
2023-05-17 13:39:13,645:INFO:K Neighbors Regressor Imported successfully
2023-05-17 13:39:13,671:INFO:Starting cross validation
2023-05-17 13:39:13,691:INFO:Cross validating with KFold(n_splits=10, random_state=None, shuffle=False), n_jobs=-1
2023-05-17 13:39:25,117:INFO:Calculating mean and std
2023-05-17 13:39:25,133:INFO:Creating metrics dataframe
2023-05-17 13:39:26,370:INFO:Uploading results into container
2023-05-17 13:39:26,370:INFO:Uploading model into container now
2023-05-17 13:39:26,381:INFO:_master_model_container: 11
2023-05-17 13:39:26,381:INFO:_display_container: 2
2023-05-17 13:39:26,382:INFO:KNeighborsRegressor(n_jobs=-1)
2023-05-17 13:39:26,382:INFO:create_model() successfully completed......................................
2023-05-17 13:39:26,543:INFO:SubProcess create_model() end ==================================
2023-05-17 13:39:26,544:INFO:Creating metrics dataframe
2023-05-17 13:39:26,573:INFO:Initializing Decision Tree Regressor
2023-05-17 13:39:26,573:INFO:Total runtime is 2.8107220967610678 minutes
2023-05-17 13:39:26,583:INFO:SubProcess create_model() called ==================================
2023-05-17 13:39:26,584:INFO:Initializing create_model()
2023-05-17 13:39:26,584:INFO:create_model(self=<pycaret.regression.oop.RegressionExperiment object at 0x00000211112F0CA0>, estimator=dt, fold=KFold(n_splits=10, random_state=None, shuffle=False), round=4, cross_validation=True, predict=True, fit_kwargs={}, groups=None, refit=False, probability_threshold=None, experiment_custom_tags=None, verbose=False, system=False, add_to_model_list=True, metrics=None, display=<pycaret.internal.display.display.CommonDisplay object at 0x0000021110E1F310>, model_only=True, return_train_score=False, kwargs={})
2023-05-17 13:39:26,585:INFO:Checking exceptions
2023-05-17 13:39:26,585:INFO:Importing libraries
2023-05-17 13:39:26,586:INFO:Copying training dataset
2023-05-17 13:39:26,624:INFO:Defining folds
2023-05-17 13:39:26,626:INFO:Declaring metric variables
2023-05-17 13:39:26,641:INFO:Importing untrained model
2023-05-17 13:39:26,664:INFO:Decision Tree Regressor Imported successfully
2023-05-17 13:39:26,698:INFO:Starting cross validation
2023-05-17 13:39:26,721:INFO:Cross validating with KFold(n_splits=10, random_state=None, shuffle=False), n_jobs=-1
2023-05-17 13:39:38,921:INFO:Calculating mean and std
2023-05-17 13:39:38,926:INFO:Creating metrics dataframe
2023-05-17 13:39:40,248:INFO:Uploading results into container
2023-05-17 13:39:40,249:INFO:Uploading model into container now
2023-05-17 13:39:40,250:INFO:_master_model_container: 12
2023-05-17 13:39:40,251:INFO:_display_container: 2
2023-05-17 13:39:40,252:INFO:DecisionTreeRegressor(random_state=123)
2023-05-17 13:39:40,253:INFO:create_model() successfully completed......................................
2023-05-17 13:39:40,385:INFO:SubProcess create_model() end ==================================
2023-05-17 13:39:40,385:INFO:Creating metrics dataframe
2023-05-17 13:39:40,416:INFO:Initializing Random Forest Regressor
2023-05-17 13:39:40,416:INFO:Total runtime is 3.04142990509669 minutes
2023-05-17 13:39:40,425:INFO:SubProcess create_model() called ==================================
2023-05-17 13:39:40,426:INFO:Initializing create_model()
2023-05-17 13:39:40,426:INFO:create_model(self=<pycaret.regression.oop.RegressionExperiment object at 0x00000211112F0CA0>, estimator=rf, fold=KFold(n_splits=10, random_state=None, shuffle=False), round=4, cross_validation=True, predict=True, fit_kwargs={}, groups=None, refit=False, probability_threshold=None, experiment_custom_tags=None, verbose=False, system=False, add_to_model_list=True, metrics=None, display=<pycaret.internal.display.display.CommonDisplay object at 0x0000021110E1F310>, model_only=True, return_train_score=False, kwargs={})
2023-05-17 13:39:40,427:INFO:Checking exceptions
2023-05-17 13:39:40,428:INFO:Importing libraries
2023-05-17 13:39:40,428:INFO:Copying training dataset
2023-05-17 13:39:40,462:INFO:Defining folds
2023-05-17 13:39:40,463:INFO:Declaring metric variables
2023-05-17 13:39:40,477:INFO:Importing untrained model
2023-05-17 13:39:40,493:INFO:Random Forest Regressor Imported successfully
2023-05-17 13:39:40,517:INFO:Starting cross validation
2023-05-17 13:39:40,525:INFO:Cross validating with KFold(n_splits=10, random_state=None, shuffle=False), n_jobs=-1
2023-05-17 13:39:53,520:INFO:Calculating mean and std
2023-05-17 13:39:53,535:INFO:Creating metrics dataframe
2023-05-17 13:39:54,882:INFO:Uploading results into container
2023-05-17 13:39:54,884:INFO:Uploading model into container now
2023-05-17 13:39:54,885:INFO:_master_model_container: 13
2023-05-17 13:39:54,885:INFO:_display_container: 2
2023-05-17 13:39:54,886:INFO:RandomForestRegressor(n_jobs=-1, random_state=123)
2023-05-17 13:39:54,887:INFO:create_model() successfully completed......................................
2023-05-17 13:39:55,016:INFO:SubProcess create_model() end ==================================
2023-05-17 13:39:55,017:INFO:Creating metrics dataframe
2023-05-17 13:39:55,045:INFO:Initializing Extra Trees Regressor
2023-05-17 13:39:55,046:INFO:Total runtime is 3.2852696537971497 minutes
2023-05-17 13:39:55,055:INFO:SubProcess create_model() called ==================================
2023-05-17 13:39:55,056:INFO:Initializing create_model()
2023-05-17 13:39:55,057:INFO:create_model(self=<pycaret.regression.oop.RegressionExperiment object at 0x00000211112F0CA0>, estimator=et, fold=KFold(n_splits=10, random_state=None, shuffle=False), round=4, cross_validation=True, predict=True, fit_kwargs={}, groups=None, refit=False, probability_threshold=None, experiment_custom_tags=None, verbose=False, system=False, add_to_model_list=True, metrics=None, display=<pycaret.internal.display.display.CommonDisplay object at 0x0000021110E1F310>, model_only=True, return_train_score=False, kwargs={})
2023-05-17 13:39:55,057:INFO:Checking exceptions
2023-05-17 13:39:55,057:INFO:Importing libraries
2023-05-17 13:39:55,058:INFO:Copying training dataset
2023-05-17 13:39:55,091:INFO:Defining folds
2023-05-17 13:39:55,091:INFO:Declaring metric variables
2023-05-17 13:39:55,108:INFO:Importing untrained model
2023-05-17 13:39:55,128:INFO:Extra Trees Regressor Imported successfully
2023-05-17 13:39:55,156:INFO:Starting cross validation
2023-05-17 13:39:55,173:INFO:Cross validating with KFold(n_splits=10, random_state=None, shuffle=False), n_jobs=-1
2023-05-17 13:40:08,262:INFO:Calculating mean and std
2023-05-17 13:40:08,262:INFO:Creating metrics dataframe
2023-05-17 13:40:09,596:INFO:Uploading results into container
2023-05-17 13:40:09,596:INFO:Uploading model into container now
2023-05-17 13:40:09,596:INFO:_master_model_container: 14
2023-05-17 13:40:09,596:INFO:_display_container: 2
2023-05-17 13:40:09,596:INFO:ExtraTreesRegressor(n_jobs=-1, random_state=123)
2023-05-17 13:40:09,608:INFO:create_model() successfully completed......................................
2023-05-17 13:40:09,762:INFO:SubProcess create_model() end ==================================
2023-05-17 13:40:09,763:INFO:Creating metrics dataframe
2023-05-17 13:40:09,794:INFO:Initializing AdaBoost Regressor
2023-05-17 13:40:09,795:INFO:Total runtime is 3.531072783470154 minutes
2023-05-17 13:40:09,804:INFO:SubProcess create_model() called ==================================
2023-05-17 13:40:09,805:INFO:Initializing create_model()
2023-05-17 13:40:09,806:INFO:create_model(self=<pycaret.regression.oop.RegressionExperiment object at 0x00000211112F0CA0>, estimator=ada, fold=KFold(n_splits=10, random_state=None, shuffle=False), round=4, cross_validation=True, predict=True, fit_kwargs={}, groups=None, refit=False, probability_threshold=None, experiment_custom_tags=None, verbose=False, system=False, add_to_model_list=True, metrics=None, display=<pycaret.internal.display.display.CommonDisplay object at 0x0000021110E1F310>, model_only=True, return_train_score=False, kwargs={})
2023-05-17 13:40:09,806:INFO:Checking exceptions
2023-05-17 13:40:09,806:INFO:Importing libraries
2023-05-17 13:40:09,806:INFO:Copying training dataset
2023-05-17 13:40:09,836:INFO:Defining folds
2023-05-17 13:40:09,837:INFO:Declaring metric variables
2023-05-17 13:40:09,848:INFO:Importing untrained model
2023-05-17 13:40:09,858:INFO:AdaBoost Regressor Imported successfully
2023-05-17 13:40:09,887:INFO:Starting cross validation
2023-05-17 13:40:09,901:INFO:Cross validating with KFold(n_splits=10, random_state=None, shuffle=False), n_jobs=-1
2023-05-17 13:40:22,840:INFO:Calculating mean and std
2023-05-17 13:40:22,843:INFO:Creating metrics dataframe
2023-05-17 13:40:24,210:INFO:Uploading results into container
2023-05-17 13:40:24,213:INFO:Uploading model into container now
2023-05-17 13:40:24,214:INFO:_master_model_container: 15
2023-05-17 13:40:24,215:INFO:_display_container: 2
2023-05-17 13:40:24,216:INFO:AdaBoostRegressor(random_state=123)
2023-05-17 13:40:24,216:INFO:create_model() successfully completed......................................
2023-05-17 13:40:24,351:INFO:SubProcess create_model() end ==================================
2023-05-17 13:40:24,351:INFO:Creating metrics dataframe
2023-05-17 13:40:24,384:INFO:Initializing Gradient Boosting Regressor
2023-05-17 13:40:24,384:INFO:Total runtime is 3.774238431453705 minutes
2023-05-17 13:40:24,393:INFO:SubProcess create_model() called ==================================
2023-05-17 13:40:24,394:INFO:Initializing create_model()
2023-05-17 13:40:24,394:INFO:create_model(self=<pycaret.regression.oop.RegressionExperiment object at 0x00000211112F0CA0>, estimator=gbr, fold=KFold(n_splits=10, random_state=None, shuffle=False), round=4, cross_validation=True, predict=True, fit_kwargs={}, groups=None, refit=False, probability_threshold=None, experiment_custom_tags=None, verbose=False, system=False, add_to_model_list=True, metrics=None, display=<pycaret.internal.display.display.CommonDisplay object at 0x0000021110E1F310>, model_only=True, return_train_score=False, kwargs={})
2023-05-17 13:40:24,394:INFO:Checking exceptions
2023-05-17 13:40:24,395:INFO:Importing libraries
2023-05-17 13:40:24,395:INFO:Copying training dataset
2023-05-17 13:40:24,424:INFO:Defining folds
2023-05-17 13:40:24,425:INFO:Declaring metric variables
2023-05-17 13:40:24,438:INFO:Importing untrained model
2023-05-17 13:40:24,466:INFO:Gradient Boosting Regressor Imported successfully
2023-05-17 13:40:24,490:INFO:Starting cross validation
2023-05-17 13:40:24,509:INFO:Cross validating with KFold(n_splits=10, random_state=None, shuffle=False), n_jobs=-1
2023-05-17 13:40:36,815:INFO:Calculating mean and std
2023-05-17 13:40:36,818:INFO:Creating metrics dataframe
2023-05-17 13:40:38,236:INFO:Uploading results into container
2023-05-17 13:40:38,236:INFO:Uploading model into container now
2023-05-17 13:40:38,236:INFO:_master_model_container: 16
2023-05-17 13:40:38,236:INFO:_display_container: 2
2023-05-17 13:40:38,236:INFO:GradientBoostingRegressor(random_state=123)
2023-05-17 13:40:38,236:INFO:create_model() successfully completed......................................
2023-05-17 13:40:38,362:INFO:SubProcess create_model() end ==================================
2023-05-17 13:40:38,362:INFO:Creating metrics dataframe
2023-05-17 13:40:38,393:INFO:Initializing Extreme Gradient Boosting
2023-05-17 13:40:38,393:INFO:Total runtime is 4.007717808087667 minutes
2023-05-17 13:40:38,409:INFO:SubProcess create_model() called ==================================
2023-05-17 13:40:38,409:INFO:Initializing create_model()
2023-05-17 13:40:38,409:INFO:create_model(self=<pycaret.regression.oop.RegressionExperiment object at 0x00000211112F0CA0>, estimator=xgboost, fold=KFold(n_splits=10, random_state=None, shuffle=False), round=4, cross_validation=True, predict=True, fit_kwargs={}, groups=None, refit=False, probability_threshold=None, experiment_custom_tags=None, verbose=False, system=False, add_to_model_list=True, metrics=None, display=<pycaret.internal.display.display.CommonDisplay object at 0x0000021110E1F310>, model_only=True, return_train_score=False, kwargs={})
2023-05-17 13:40:38,409:INFO:Checking exceptions
2023-05-17 13:40:38,409:INFO:Importing libraries
2023-05-17 13:40:38,409:INFO:Copying training dataset
2023-05-17 13:40:38,446:INFO:Defining folds
2023-05-17 13:40:38,447:INFO:Declaring metric variables
2023-05-17 13:40:38,457:INFO:Importing untrained model
2023-05-17 13:40:38,475:INFO:Extreme Gradient Boosting Imported successfully
2023-05-17 13:40:38,500:INFO:Starting cross validation
2023-05-17 13:40:38,516:INFO:Cross validating with KFold(n_splits=10, random_state=None, shuffle=False), n_jobs=-1
2023-05-17 13:40:49,482:INFO:Calculating mean and std
2023-05-17 13:40:49,482:INFO:Creating metrics dataframe
2023-05-17 13:40:50,923:INFO:Uploading results into container
2023-05-17 13:40:50,927:INFO:Uploading model into container now
2023-05-17 13:40:50,928:INFO:_master_model_container: 17
2023-05-17 13:40:50,928:INFO:_display_container: 2
2023-05-17 13:40:50,931:INFO:XGBRegressor(base_score=None, booster='gbtree', callbacks=None,
             colsample_bylevel=None, colsample_bynode=None,
             colsample_bytree=None, early_stopping_rounds=None,
             enable_categorical=False, eval_metric=None, feature_types=None,
             gamma=None, gpu_id=None, grow_policy=None, importance_type=None,
             interaction_constraints=None, learning_rate=None, max_bin=None,
             max_cat_threshold=None, max_cat_to_onehot=None,
             max_delta_step=None, max_depth=None, max_leaves=None,
             min_child_weight=None, missing=nan, monotone_constraints=None,
             n_estimators=100, n_jobs=-1, num_parallel_tree=None,
             predictor=None, random_state=123, ...)
2023-05-17 13:40:50,931:INFO:create_model() successfully completed......................................
2023-05-17 13:40:51,089:INFO:SubProcess create_model() end ==================================
2023-05-17 13:40:51,090:INFO:Creating metrics dataframe
2023-05-17 13:40:51,134:INFO:Initializing Light Gradient Boosting Machine
2023-05-17 13:40:51,134:INFO:Total runtime is 4.220060722033184 minutes
2023-05-17 13:40:51,144:INFO:SubProcess create_model() called ==================================
2023-05-17 13:40:51,145:INFO:Initializing create_model()
2023-05-17 13:40:51,145:INFO:create_model(self=<pycaret.regression.oop.RegressionExperiment object at 0x00000211112F0CA0>, estimator=lightgbm, fold=KFold(n_splits=10, random_state=None, shuffle=False), round=4, cross_validation=True, predict=True, fit_kwargs={}, groups=None, refit=False, probability_threshold=None, experiment_custom_tags=None, verbose=False, system=False, add_to_model_list=True, metrics=None, display=<pycaret.internal.display.display.CommonDisplay object at 0x0000021110E1F310>, model_only=True, return_train_score=False, kwargs={})
2023-05-17 13:40:51,145:INFO:Checking exceptions
2023-05-17 13:40:51,146:INFO:Importing libraries
2023-05-17 13:40:51,146:INFO:Copying training dataset
2023-05-17 13:40:51,181:INFO:Defining folds
2023-05-17 13:40:51,181:INFO:Declaring metric variables
2023-05-17 13:40:51,197:INFO:Importing untrained model
2023-05-17 13:40:51,215:INFO:Light Gradient Boosting Machine Imported successfully
2023-05-17 13:40:51,247:INFO:Starting cross validation
2023-05-17 13:40:51,263:INFO:Cross validating with KFold(n_splits=10, random_state=None, shuffle=False), n_jobs=-1
2023-05-17 13:41:06,739:INFO:Calculating mean and std
2023-05-17 13:41:06,744:INFO:Creating metrics dataframe
2023-05-17 13:41:08,129:INFO:Uploading results into container
2023-05-17 13:41:08,131:INFO:Uploading model into container now
2023-05-17 13:41:08,132:INFO:_master_model_container: 18
2023-05-17 13:41:08,133:INFO:_display_container: 2
2023-05-17 13:41:08,134:INFO:LGBMRegressor(random_state=123)
2023-05-17 13:41:08,134:INFO:create_model() successfully completed......................................
2023-05-17 13:41:08,271:INFO:SubProcess create_model() end ==================================
2023-05-17 13:41:08,271:INFO:Creating metrics dataframe
2023-05-17 13:41:08,320:INFO:Initializing Dummy Regressor
2023-05-17 13:41:08,321:INFO:Total runtime is 4.50651700894038 minutes
2023-05-17 13:41:08,321:INFO:SubProcess create_model() called ==================================
2023-05-17 13:41:08,321:INFO:Initializing create_model()
2023-05-17 13:41:08,321:INFO:create_model(self=<pycaret.regression.oop.RegressionExperiment object at 0x00000211112F0CA0>, estimator=dummy, fold=KFold(n_splits=10, random_state=None, shuffle=False), round=4, cross_validation=True, predict=True, fit_kwargs={}, groups=None, refit=False, probability_threshold=None, experiment_custom_tags=None, verbose=False, system=False, add_to_model_list=True, metrics=None, display=<pycaret.internal.display.display.CommonDisplay object at 0x0000021110E1F310>, model_only=True, return_train_score=False, kwargs={})
2023-05-17 13:41:08,334:INFO:Checking exceptions
2023-05-17 13:41:08,334:INFO:Importing libraries
2023-05-17 13:41:08,334:INFO:Copying training dataset
2023-05-17 13:41:08,367:INFO:Defining folds
2023-05-17 13:41:08,368:INFO:Declaring metric variables
2023-05-17 13:41:08,378:INFO:Importing untrained model
2023-05-17 13:41:08,391:INFO:Dummy Regressor Imported successfully
2023-05-17 13:41:08,416:INFO:Starting cross validation
2023-05-17 13:41:08,434:INFO:Cross validating with KFold(n_splits=10, random_state=None, shuffle=False), n_jobs=-1
2023-05-17 13:41:19,810:INFO:Calculating mean and std
2023-05-17 13:41:19,825:INFO:Creating metrics dataframe
2023-05-17 13:41:21,261:INFO:Uploading results into container
2023-05-17 13:41:21,265:INFO:Uploading model into container now
2023-05-17 13:41:21,266:INFO:_master_model_container: 19
2023-05-17 13:41:21,267:INFO:_display_container: 2
2023-05-17 13:41:21,268:INFO:DummyRegressor()
2023-05-17 13:41:21,268:INFO:create_model() successfully completed......................................
2023-05-17 13:41:21,405:INFO:SubProcess create_model() end ==================================
2023-05-17 13:41:21,405:INFO:Creating metrics dataframe
2023-05-17 13:41:21,477:INFO:Initializing create_model()
2023-05-17 13:41:21,478:INFO:create_model(self=<pycaret.regression.oop.RegressionExperiment object at 0x00000211112F0CA0>, estimator=GradientBoostingRegressor(random_state=123), fold=KFold(n_splits=10, random_state=None, shuffle=False), round=4, cross_validation=False, predict=False, fit_kwargs={}, groups=None, refit=True, probability_threshold=None, experiment_custom_tags=None, verbose=False, system=False, add_to_model_list=True, metrics=None, display=None, model_only=True, return_train_score=False, kwargs={})
2023-05-17 13:41:21,478:INFO:Checking exceptions
2023-05-17 13:41:21,482:INFO:Importing libraries
2023-05-17 13:41:21,483:INFO:Copying training dataset
2023-05-17 13:41:21,522:INFO:Defining folds
2023-05-17 13:41:21,522:INFO:Declaring metric variables
2023-05-17 13:41:21,523:INFO:Importing untrained model
2023-05-17 13:41:21,524:INFO:Declaring custom model
2023-05-17 13:41:21,524:INFO:Gradient Boosting Regressor Imported successfully
2023-05-17 13:41:21,550:INFO:Cross validation set to False
2023-05-17 13:41:21,551:INFO:Fitting Model
2023-05-17 13:41:23,321:INFO:GradientBoostingRegressor(random_state=123)
2023-05-17 13:41:23,321:INFO:create_model() successfully completed......................................
2023-05-17 13:41:23,566:INFO:_master_model_container: 19
2023-05-17 13:41:23,566:INFO:_display_container: 2
2023-05-17 13:41:23,568:INFO:GradientBoostingRegressor(random_state=123)
2023-05-17 13:41:23,568:INFO:compare_models() successfully completed......................................
2023-05-17 13:41:52,607:INFO:Initializing evaluate_model()
2023-05-17 13:41:52,607:INFO:evaluate_model(self=<pycaret.regression.oop.RegressionExperiment object at 0x00000211112F0CA0>, estimator=GradientBoostingRegressor(random_state=123), fold=None, fit_kwargs=None, plot_kwargs=None, feature_name=None, groups=None, use_train_data=False)
2023-05-17 13:41:52,700:INFO:Initializing plot_model()
2023-05-17 13:41:52,700:INFO:plot_model(plot=pipeline, fold=KFold(n_splits=10, random_state=None, shuffle=False), use_train_data=False, verbose=False, display=None, display_format=None, estimator=GradientBoostingRegressor(random_state=123), feature_name=None, fit_kwargs={}, groups=None, label=False, plot_kwargs=None, save=False, scale=1, self=<pycaret.regression.oop.RegressionExperiment object at 0x00000211112F0CA0>, system=True)
2023-05-17 13:41:52,701:INFO:Checking exceptions
2023-05-17 13:41:52,712:INFO:Preloading libraries
2023-05-17 13:41:52,740:INFO:Copying training dataset
2023-05-17 13:41:52,740:INFO:Plot type: pipeline
2023-05-17 13:41:53,131:INFO:Visual Rendered Successfully
2023-05-17 13:41:53,267:INFO:plot_model() successfully completed......................................
2023-05-17 13:42:45,613:INFO:Initializing evaluate_model()
2023-05-17 13:42:45,614:INFO:evaluate_model(self=<pycaret.regression.oop.RegressionExperiment object at 0x00000211112F0CA0>, estimator=lr, fold=None, fit_kwargs=None, plot_kwargs=None, feature_name=None, groups=None, use_train_data=False)
2023-05-17 13:42:45,683:INFO:Initializing plot_model()
2023-05-17 13:42:45,683:INFO:plot_model(plot=pipeline, fold=KFold(n_splits=10, random_state=None, shuffle=False), use_train_data=False, verbose=False, display=None, display_format=None, estimator=lr, feature_name=None, fit_kwargs={}, groups=None, label=False, plot_kwargs=None, save=False, scale=1, self=<pycaret.regression.oop.RegressionExperiment object at 0x00000211112F0CA0>, system=True)
2023-05-17 13:42:45,683:INFO:Checking exceptions
2023-05-17 13:43:09,394:INFO:Initializing evaluate_model()
2023-05-17 13:43:09,394:INFO:evaluate_model(self=<pycaret.regression.oop.RegressionExperiment object at 0x00000211112F0CA0>, estimator=rf, fold=None, fit_kwargs=None, plot_kwargs=None, feature_name=None, groups=None, use_train_data=False)
2023-05-17 13:43:09,447:INFO:Initializing plot_model()
2023-05-17 13:43:09,463:INFO:plot_model(plot=pipeline, fold=KFold(n_splits=10, random_state=None, shuffle=False), use_train_data=False, verbose=False, display=None, display_format=None, estimator=rf, feature_name=None, fit_kwargs={}, groups=None, label=False, plot_kwargs=None, save=False, scale=1, self=<pycaret.regression.oop.RegressionExperiment object at 0x00000211112F0CA0>, system=True)
2023-05-17 13:43:09,463:INFO:Checking exceptions
2023-05-17 13:44:53,959:INFO:Initializing create_model()
2023-05-17 13:44:53,960:INFO:create_model(self=<pycaret.regression.oop.RegressionExperiment object at 0x00000211112F0CA0>, estimator=rf, fold=None, round=4, cross_validation=True, predict=True, fit_kwargs=None, groups=None, refit=True, probability_threshold=None, experiment_custom_tags=None, verbose=True, system=True, add_to_model_list=True, metrics=None, display=None, model_only=True, return_train_score=False, kwargs={})
2023-05-17 13:44:53,962:INFO:Checking exceptions
2023-05-17 13:44:54,035:INFO:Importing libraries
2023-05-17 13:44:54,035:INFO:Copying training dataset
2023-05-17 13:44:54,074:INFO:Defining folds
2023-05-17 13:44:54,074:INFO:Declaring metric variables
2023-05-17 13:44:54,087:INFO:Importing untrained model
2023-05-17 13:44:54,096:INFO:Random Forest Regressor Imported successfully
2023-05-17 13:44:54,118:INFO:Starting cross validation
2023-05-17 13:44:54,134:INFO:Cross validating with KFold(n_splits=10, random_state=None, shuffle=False), n_jobs=-1
2023-05-17 13:45:06,580:INFO:Calculating mean and std
2023-05-17 13:45:06,585:INFO:Creating metrics dataframe
2023-05-17 13:45:06,603:INFO:Finalizing model
2023-05-17 13:45:10,561:INFO:Uploading results into container
2023-05-17 13:45:10,563:INFO:Uploading model into container now
2023-05-17 13:45:10,594:INFO:_master_model_container: 20
2023-05-17 13:45:10,595:INFO:_display_container: 3
2023-05-17 13:45:10,596:INFO:RandomForestRegressor(n_jobs=-1, random_state=123)
2023-05-17 13:45:10,596:INFO:create_model() successfully completed......................................
2023-05-17 13:45:10,752:INFO:Initializing evaluate_model()
2023-05-17 13:45:10,752:INFO:evaluate_model(self=<pycaret.regression.oop.RegressionExperiment object at 0x00000211112F0CA0>, estimator=RandomForestRegressor(n_jobs=-1, random_state=123), fold=None, fit_kwargs=None, plot_kwargs=None, feature_name=None, groups=None, use_train_data=False)
2023-05-17 13:45:10,799:INFO:Initializing plot_model()
2023-05-17 13:45:10,799:INFO:plot_model(plot=pipeline, fold=KFold(n_splits=10, random_state=None, shuffle=False), use_train_data=False, verbose=False, display=None, display_format=None, estimator=RandomForestRegressor(n_jobs=-1, random_state=123), feature_name=None, fit_kwargs={}, groups=None, label=False, plot_kwargs=None, save=False, scale=1, self=<pycaret.regression.oop.RegressionExperiment object at 0x00000211112F0CA0>, system=True)
2023-05-17 13:45:10,799:INFO:Checking exceptions
2023-05-17 13:45:10,888:INFO:Preloading libraries
2023-05-17 13:45:10,939:INFO:Copying training dataset
2023-05-17 13:45:10,939:INFO:Plot type: pipeline
2023-05-17 13:45:11,153:INFO:Visual Rendered Successfully
2023-05-17 13:45:11,287:INFO:plot_model() successfully completed......................................
2023-05-17 13:46:00,167:INFO:Initializing plot_model()
2023-05-17 13:46:00,167:INFO:plot_model(plot=feature, fold=KFold(n_splits=10, random_state=None, shuffle=False), use_train_data=False, verbose=False, display=None, display_format=None, estimator=RandomForestRegressor(n_jobs=-1, random_state=123), feature_name=None, fit_kwargs={}, groups=None, label=False, plot_kwargs=None, save=False, scale=1, self=<pycaret.regression.oop.RegressionExperiment object at 0x00000211112F0CA0>, system=True)
2023-05-17 13:46:00,168:INFO:Checking exceptions
2023-05-17 13:46:00,235:INFO:Preloading libraries
2023-05-17 13:46:00,268:INFO:Copying training dataset
2023-05-17 13:46:00,268:INFO:Plot type: feature
2023-05-17 13:46:00,268:WARNING:No coef_ found. Trying feature_importances_
2023-05-17 13:46:00,873:INFO:Visual Rendered Successfully
2023-05-17 13:46:01,018:INFO:plot_model() successfully completed......................................
2023-05-17 13:46:05,330:INFO:Initializing plot_model()
2023-05-17 13:46:05,331:INFO:plot_model(plot=feature_all, fold=KFold(n_splits=10, random_state=None, shuffle=False), use_train_data=False, verbose=False, display=None, display_format=None, estimator=RandomForestRegressor(n_jobs=-1, random_state=123), feature_name=None, fit_kwargs={}, groups=None, label=False, plot_kwargs=None, save=False, scale=1, self=<pycaret.regression.oop.RegressionExperiment object at 0x00000211112F0CA0>, system=True)
2023-05-17 13:46:05,332:INFO:Checking exceptions
2023-05-17 13:46:05,400:INFO:Preloading libraries
2023-05-17 13:46:05,432:INFO:Copying training dataset
2023-05-17 13:46:05,432:INFO:Plot type: feature_all
2023-05-17 13:46:05,620:WARNING:No coef_ found. Trying feature_importances_
2023-05-17 13:46:15,644:INFO:Visual Rendered Successfully
2023-05-17 13:46:15,799:INFO:plot_model() successfully completed......................................
2023-05-17 13:48:05,645:INFO:Initializing plot_model()
2023-05-17 13:48:05,646:INFO:plot_model(plot=residuals, fold=KFold(n_splits=10, random_state=None, shuffle=False), use_train_data=False, verbose=False, display=None, display_format=None, estimator=RandomForestRegressor(n_jobs=-1, random_state=123), feature_name=None, fit_kwargs={}, groups=None, label=False, plot_kwargs=None, save=False, scale=1, self=<pycaret.regression.oop.RegressionExperiment object at 0x00000211112F0CA0>, system=True)
2023-05-17 13:48:05,647:INFO:Checking exceptions
2023-05-17 13:48:05,711:INFO:Preloading libraries
2023-05-17 13:48:05,746:INFO:Copying training dataset
2023-05-17 13:48:05,746:INFO:Plot type: residuals
2023-05-17 13:48:06,743:INFO:Fitting Model
2023-05-17 13:48:06,759:WARNING:C:\Users\udaya\anaconda3\lib\site-packages\sklearn\base.py:439: UserWarning: X does not have valid feature names, but RandomForestRegressor was fitted with feature names
  warnings.warn(

2023-05-17 13:48:06,961:INFO:Scoring test/hold-out set
2023-05-17 13:48:08,607:INFO:Visual Rendered Successfully
2023-05-17 13:48:08,743:INFO:plot_model() successfully completed......................................
